This file contains any messages produced by compilers while
running configure, to aid debugging if configure makes a mistake.

It was created by pbc_sig configure 0.0.8, which was
generated by GNU Autoconf 2.65.  Invocation command line was

  $ ./configure --disable-static --enable-shared LDFLAGS=-L../../pbc CPPFLAGS=-I../../sharelibs/include/

## --------- ##
## Platform. ##
## --------- ##

hostname = 090dd2ce5f62
uname -m = armv7l
uname -r = 4.19.118-v7l+
uname -s = Linux
uname -v = #1311 SMP Mon Apr 27 14:26:42 BST 2020

/usr/bin/uname -p = unknown
/bin/uname -X     = unknown

/bin/arch              = unknown
/usr/bin/arch -k       = unknown
/usr/convex/getsysinfo = unknown
/usr/bin/hostinfo      = unknown
/bin/machine           = unknown
/usr/bin/oslevel       = unknown
/bin/universe          = unknown

PATH: /usr/local/sbin
PATH: /usr/local/bin
PATH: /usr/sbin
PATH: /usr/bin
PATH: /sbin
PATH: /bin
PATH: /usr/games
PATH: /usr/local/games


## ----------- ##
## Core tests. ##
## ----------- ##

configure:2399: checking for a BSD-compatible install
configure:2467: result: /usr/bin/install -c
configure:2478: checking whether build environment is sane
configure:2528: result: yes
configure:2669: checking for a thread-safe mkdir -p
configure:2708: result: /bin/mkdir -p
configure:2721: checking for gawk
configure:2751: result: no
configure:2721: checking for mawk
configure:2737: found /usr/bin/mawk
configure:2748: result: mawk
configure:2759: checking whether make sets $(MAKE)
configure:2781: result: yes
configure:2893: checking build system type
configure:2907: result: armv7l-unknown-linux-gnueabi
configure:2927: checking host system type
configure:2940: result: armv7l-unknown-linux-gnueabi
configure:2972: checking for style of include used by make
configure:3000: result: GNU
configure:3070: checking for gcc
configure:3086: found /usr/bin/gcc
configure:3097: result: gcc
configure:3326: checking for C compiler version
configure:3335: gcc --version >&5
gcc (Ubuntu/Linaro 7.5.0-3ubuntu1~18.04) 7.5.0
Copyright (C) 2017 Free Software Foundation, Inc.
This is free software; see the source for copying conditions.  There is NO
warranty; not even for MERCHANTABILITY or FITNESS FOR A PARTICULAR PURPOSE.

configure:3346: $? = 0
configure:3335: gcc -v >&5
Using built-in specs.
COLLECT_GCC=gcc
COLLECT_LTO_WRAPPER=/usr/lib/gcc/arm-linux-gnueabihf/7/lto-wrapper
Target: arm-linux-gnueabihf
Configured with: ../src/configure -v --with-pkgversion='Ubuntu/Linaro 7.5.0-3ubuntu1~18.04' --with-bugurl=file:///usr/share/doc/gcc-7/README.Bugs --enable-languages=c,ada,c++,go,d,fortran,objc,obj-c++ --prefix=/usr --with-gcc-major-version-only --program-suffix=-7 --program-prefix=arm-linux-gnueabihf- --enable-shared --enable-linker-build-id --libexecdir=/usr/lib --without-included-gettext --enable-threads=posix --libdir=/usr/lib --enable-nls --enable-bootstrap --enable-clocale=gnu --enable-libstdcxx-debug --enable-libstdcxx-time=yes --with-default-libstdcxx-abi=new --enable-gnu-unique-object --disable-libitm --disable-libquadmath --disable-libquadmath-support --enable-plugin --enable-default-pie --with-system-zlib --with-target-system-zlib --enable-objc-gc=auto --enable-multiarch --enable-multilib --disable-sjlj-exceptions --with-arch=armv7-a --with-fpu=vfpv3-d16 --with-float=hard --with-mode=thumb --disable-werror --enable-multilib --enable-checking=release --build=arm-linux-gnueabihf --host=arm-linux-gnueabihf --target=arm-linux-gnueabihf
Thread model: posix
gcc version 7.5.0 (Ubuntu/Linaro 7.5.0-3ubuntu1~18.04) 
configure:3346: $? = 0
configure:3335: gcc -V >&5
gcc: error: unrecognized command line option '-V'
gcc: fatal error: no input files
compilation terminated.
configure:3346: $? = 1
configure:3335: gcc -qversion >&5
gcc: error: unrecognized command line option '-qversion'; did you mean '--version'?
gcc: fatal error: no input files
compilation terminated.
configure:3346: $? = 1
configure:3366: checking whether the C compiler works
configure:3388: gcc  -I../../sharelibs/include/ -L../../pbc conftest.c  >&5
configure:3392: $? = 0
configure:3441: result: yes
configure:3444: checking for C compiler default output file name
configure:3446: result: a.out
configure:3452: checking for suffix of executables
configure:3459: gcc -o conftest  -I../../sharelibs/include/ -L../../pbc conftest.c  >&5
configure:3463: $? = 0
configure:3485: result: 
configure:3507: checking whether we are cross compiling
configure:3515: gcc -o conftest  -I../../sharelibs/include/ -L../../pbc conftest.c  >&5
configure:3519: $? = 0
configure:3526: ./conftest
configure:3530: $? = 0
configure:3545: result: no
configure:3550: checking for suffix of object files
configure:3572: gcc -c  -I../../sharelibs/include/ conftest.c >&5
configure:3576: $? = 0
configure:3597: result: o
configure:3601: checking whether we are using the GNU C compiler
configure:3620: gcc -c  -I../../sharelibs/include/ conftest.c >&5
configure:3620: $? = 0
configure:3629: result: yes
configure:3638: checking whether gcc accepts -g
configure:3658: gcc -c -g -I../../sharelibs/include/ conftest.c >&5
configure:3658: $? = 0
configure:3699: result: yes
configure:3716: checking for gcc option to accept ISO C89
configure:3780: gcc  -c -g -O2 -I../../sharelibs/include/ conftest.c >&5
configure:3780: $? = 0
configure:3793: result: none needed
configure:3815: checking dependency style of gcc
configure:3925: result: gcc3
configure:3940: checking for a sed that does not truncate output
configure:4004: result: /bin/sed
configure:4022: checking for grep that handles long lines and -e
configure:4080: result: /bin/grep
configure:4085: checking for egrep
configure:4147: result: /bin/grep -E
configure:4152: checking for fgrep
configure:4214: result: /bin/grep -F
configure:4249: checking for ld used by gcc
configure:4316: result: /usr/bin/ld
configure:4323: checking if the linker (/usr/bin/ld) is GNU ld
configure:4338: result: yes
configure:4350: checking for BSD- or MS-compatible name lister (nm)
configure:4399: result: /usr/bin/nm -B
configure:4517: checking the name lister (/usr/bin/nm -B) interface
configure:4524: gcc -c -g -O2 -I../../sharelibs/include/ conftest.c >&5
configure:4527: /usr/bin/nm -B "conftest.o"
configure:4530: output
00000000 B some_variable
configure:4537: result: BSD nm
configure:4540: checking whether ln -s works
configure:4544: result: yes
configure:4552: checking the maximum length of command line arguments
configure:4672: result: 1572864
configure:4689: checking whether the shell understands some XSI constructs
configure:4699: result: yes
configure:4703: checking whether the shell understands "+="
configure:4709: result: yes
configure:4744: checking for /usr/bin/ld option to reload object files
configure:4751: result: -r
configure:4820: checking for objdump
configure:4836: found /usr/bin/objdump
configure:4847: result: objdump
configure:4879: checking how to recognize dependent libraries
configure:5075: result: pass_all
configure:5135: checking for ar
configure:5151: found /usr/bin/ar
configure:5162: result: ar
configure:5240: checking for strip
configure:5256: found /usr/bin/strip
configure:5267: result: strip
configure:5339: checking for ranlib
configure:5355: found /usr/bin/ranlib
configure:5366: result: ranlib
configure:5456: checking command to parse /usr/bin/nm -B output from gcc object
configure:5574: gcc -c -g -O2 -I../../sharelibs/include/ conftest.c >&5
configure:5577: $? = 0
configure:5581: /usr/bin/nm -B conftest.o \| sed -n -e 's/^.*[	 ]\([ABCDGIRSTW][ABCDGIRSTW]*\)[	 ][	 ]*\([_A-Za-z][_A-Za-z0-9]*\)$/\1 \2 \2/p' \> conftest.nm
configure:5584: $? = 0
configure:5638: gcc -o conftest -g -O2 -I../../sharelibs/include/ -L../../pbc conftest.c conftstm.o >&5
configure:5641: $? = 0
configure:5679: result: ok
configure:6488: checking how to run the C preprocessor
configure:6519: gcc -E -I../../sharelibs/include/ conftest.c
configure:6519: $? = 0
configure:6533: gcc -E -I../../sharelibs/include/ conftest.c
conftest.c:11:10: fatal error: ac_nonexistent.h: No such file or directory
 #include <ac_nonexistent.h>
          ^~~~~~~~~~~~~~~~~~
compilation terminated.
configure:6533: $? = 1
configure: failed program was:
| /* confdefs.h */
| #define PACKAGE_NAME "pbc_sig"
| #define PACKAGE_TARNAME "pbc_sig"
| #define PACKAGE_VERSION "0.0.8"
| #define PACKAGE_STRING "pbc_sig 0.0.8"
| #define PACKAGE_BUGREPORT "blynn@cs.stanford.edu"
| #define PACKAGE_URL ""
| #define PACKAGE "pbc_sig"
| #define VERSION "0.0.8"
| /* end confdefs.h.  */
| #include <ac_nonexistent.h>
configure:6558: result: gcc -E
configure:6578: gcc -E -I../../sharelibs/include/ conftest.c
configure:6578: $? = 0
configure:6592: gcc -E -I../../sharelibs/include/ conftest.c
conftest.c:11:10: fatal error: ac_nonexistent.h: No such file or directory
 #include <ac_nonexistent.h>
          ^~~~~~~~~~~~~~~~~~
compilation terminated.
configure:6592: $? = 1
configure: failed program was:
| /* confdefs.h */
| #define PACKAGE_NAME "pbc_sig"
| #define PACKAGE_TARNAME "pbc_sig"
| #define PACKAGE_VERSION "0.0.8"
| #define PACKAGE_STRING "pbc_sig 0.0.8"
| #define PACKAGE_BUGREPORT "blynn@cs.stanford.edu"
| #define PACKAGE_URL ""
| #define PACKAGE "pbc_sig"
| #define VERSION "0.0.8"
| /* end confdefs.h.  */
| #include <ac_nonexistent.h>
configure:6621: checking for ANSI C header files
configure:6641: gcc -c -g -O2 -I../../sharelibs/include/ conftest.c >&5
configure:6641: $? = 0
configure:6714: gcc -o conftest -g -O2 -I../../sharelibs/include/ -L../../pbc conftest.c  >&5
configure:6714: $? = 0
configure:6714: ./conftest
configure:6714: $? = 0
configure:6725: result: yes
configure:6738: checking for sys/types.h
configure:6738: gcc -c -g -O2 -I../../sharelibs/include/ conftest.c >&5
configure:6738: $? = 0
configure:6738: result: yes
configure:6738: checking for sys/stat.h
configure:6738: gcc -c -g -O2 -I../../sharelibs/include/ conftest.c >&5
configure:6738: $? = 0
configure:6738: result: yes
configure:6738: checking for stdlib.h
configure:6738: gcc -c -g -O2 -I../../sharelibs/include/ conftest.c >&5
configure:6738: $? = 0
configure:6738: result: yes
configure:6738: checking for string.h
configure:6738: gcc -c -g -O2 -I../../sharelibs/include/ conftest.c >&5
configure:6738: $? = 0
configure:6738: result: yes
configure:6738: checking for memory.h
configure:6738: gcc -c -g -O2 -I../../sharelibs/include/ conftest.c >&5
configure:6738: $? = 0
configure:6738: result: yes
configure:6738: checking for strings.h
configure:6738: gcc -c -g -O2 -I../../sharelibs/include/ conftest.c >&5
configure:6738: $? = 0
configure:6738: result: yes
configure:6738: checking for inttypes.h
configure:6738: gcc -c -g -O2 -I../../sharelibs/include/ conftest.c >&5
configure:6738: $? = 0
configure:6738: result: yes
configure:6738: checking for stdint.h
configure:6738: gcc -c -g -O2 -I../../sharelibs/include/ conftest.c >&5
configure:6738: $? = 0
configure:6738: result: yes
configure:6738: checking for unistd.h
configure:6738: gcc -c -g -O2 -I../../sharelibs/include/ conftest.c >&5
configure:6738: $? = 0
configure:6738: result: yes
configure:6753: checking for dlfcn.h
configure:6753: gcc -c -g -O2 -I../../sharelibs/include/ conftest.c >&5
configure:6753: $? = 0
configure:6753: result: yes
configure:6937: checking for objdir
configure:6952: result: .libs
configure:7244: checking if gcc supports -fno-rtti -fno-exceptions
configure:7262: gcc -c -g -O2 -I../../sharelibs/include/ -fno-rtti -fno-exceptions conftest.c >&5
cc1: warning: command line option '-fno-rtti' is valid for C++/ObjC++ but not for C
configure:7266: $? = 0
configure:7279: result: no
configure:7299: checking for gcc option to produce PIC
configure:7571: result: -fPIC -DPIC
configure:7583: checking if gcc PIC flag -fPIC -DPIC works
configure:7601: gcc -c -g -O2 -I../../sharelibs/include/ -fPIC -DPIC -DPIC conftest.c >&5
configure:7605: $? = 0
configure:7618: result: yes
configure:7642: checking if gcc static flag -static works
configure:7670: result: yes
configure:7685: checking if gcc supports -c -o file.o
configure:7706: gcc -c -g -O2 -I../../sharelibs/include/ -o out/conftest2.o conftest.c >&5
configure:7710: $? = 0
configure:7732: result: yes
configure:7740: checking if gcc supports -c -o file.o
configure:7787: result: yes
configure:7820: checking whether the gcc linker (/usr/bin/ld) supports shared libraries
configure:8811: result: yes
configure:8848: checking whether -lc should be explicitly linked in
configure:8853: gcc -c -g -O2 -I../../sharelibs/include/ conftest.c >&5
configure:8856: $? = 0
configure:8871: gcc -shared conftest.o  -v -Wl,-soname -Wl,conftest -o conftest 2\>\&1 \| /bin/grep  -lc  \>/dev/null 2\>\&1
configure:8874: $? = 0
configure:8886: result: no
configure:9050: checking dynamic linker characteristics
configure:9483: gcc -o conftest -g -O2 -I../../sharelibs/include/ -L../../pbc -Wl,-rpath -Wl,/foo conftest.c  >&5
configure:9483: $? = 0
configure:9713: result: GNU/Linux ld.so
configure:9815: checking how to hardcode library paths into programs
configure:9840: result: immediate
configure:10360: checking whether stripping libraries is possible
configure:10365: result: yes
configure:10400: checking if libtool supports shared libraries
configure:10402: result: yes
configure:10405: checking whether to build shared libraries
configure:10426: result: yes
configure:10429: checking whether to build static libraries
configure:10433: result: no
configure:10547: checking for gcc
configure:10574: result: gcc
configure:10803: checking for C compiler version
configure:10812: gcc --version >&5
gcc (Ubuntu/Linaro 7.5.0-3ubuntu1~18.04) 7.5.0
Copyright (C) 2017 Free Software Foundation, Inc.
This is free software; see the source for copying conditions.  There is NO
warranty; not even for MERCHANTABILITY or FITNESS FOR A PARTICULAR PURPOSE.

configure:10823: $? = 0
configure:10812: gcc -v >&5
Using built-in specs.
COLLECT_GCC=gcc
COLLECT_LTO_WRAPPER=/usr/lib/gcc/arm-linux-gnueabihf/7/lto-wrapper
Target: arm-linux-gnueabihf
Configured with: ../src/configure -v --with-pkgversion='Ubuntu/Linaro 7.5.0-3ubuntu1~18.04' --with-bugurl=file:///usr/share/doc/gcc-7/README.Bugs --enable-languages=c,ada,c++,go,d,fortran,objc,obj-c++ --prefix=/usr --with-gcc-major-version-only --program-suffix=-7 --program-prefix=arm-linux-gnueabihf- --enable-shared --enable-linker-build-id --libexecdir=/usr/lib --without-included-gettext --enable-threads=posix --libdir=/usr/lib --enable-nls --enable-bootstrap --enable-clocale=gnu --enable-libstdcxx-debug --enable-libstdcxx-time=yes --with-default-libstdcxx-abi=new --enable-gnu-unique-object --disable-libitm --disable-libquadmath --disable-libquadmath-support --enable-plugin --enable-default-pie --with-system-zlib --with-target-system-zlib --enable-objc-gc=auto --enable-multiarch --enable-multilib --disable-sjlj-exceptions --with-arch=armv7-a --with-fpu=vfpv3-d16 --with-float=hard --with-mode=thumb --disable-werror --enable-multilib --enable-checking=release --build=arm-linux-gnueabihf --host=arm-linux-gnueabihf --target=arm-linux-gnueabihf
Thread model: posix
gcc version 7.5.0 (Ubuntu/Linaro 7.5.0-3ubuntu1~18.04) 
configure:10823: $? = 0
configure:10812: gcc -V >&5
gcc: error: unrecognized command line option '-V'
gcc: fatal error: no input files
compilation terminated.
configure:10823: $? = 1
configure:10812: gcc -qversion >&5
gcc: error: unrecognized command line option '-qversion'; did you mean '--version'?
gcc: fatal error: no input files
compilation terminated.
configure:10823: $? = 1
configure:10827: checking whether we are using the GNU C compiler
configure:10855: result: yes
configure:10864: checking whether gcc accepts -g
configure:10925: result: yes
configure:10942: checking for gcc option to accept ISO C89
configure:11019: result: none needed
configure:11041: checking dependency style of gcc
configure:11151: result: gcc3
configure:11171: checking how to run the C preprocessor
configure:11241: result: gcc -E
configure:11261: gcc -E -I../../sharelibs/include/ conftest.c
configure:11261: $? = 0
configure:11275: gcc -E -I../../sharelibs/include/ conftest.c
conftest.c:23:10: fatal error: ac_nonexistent.h: No such file or directory
 #include <ac_nonexistent.h>
          ^~~~~~~~~~~~~~~~~~
compilation terminated.
configure:11275: $? = 1
configure: failed program was:
| /* confdefs.h */
| #define PACKAGE_NAME "pbc_sig"
| #define PACKAGE_TARNAME "pbc_sig"
| #define PACKAGE_VERSION "0.0.8"
| #define PACKAGE_STRING "pbc_sig 0.0.8"
| #define PACKAGE_BUGREPORT "blynn@cs.stanford.edu"
| #define PACKAGE_URL ""
| #define PACKAGE "pbc_sig"
| #define VERSION "0.0.8"
| #define STDC_HEADERS 1
| #define HAVE_SYS_TYPES_H 1
| #define HAVE_SYS_STAT_H 1
| #define HAVE_STDLIB_H 1
| #define HAVE_STRING_H 1
| #define HAVE_MEMORY_H 1
| #define HAVE_STRINGS_H 1
| #define HAVE_INTTYPES_H 1
| #define HAVE_STDINT_H 1
| #define HAVE_UNISTD_H 1
| #define HAVE_DLFCN_H 1
| #define LT_OBJDIR ".libs/"
| /* end confdefs.h.  */
| #include <ac_nonexistent.h>
configure:11304: checking whether ln -s works
configure:11308: result: yes
configure:11315: checking whether make sets $(MAKE)
configure:11337: result: yes
configure:11350: checking for pow in -lm
configure:11375: gcc -o conftest  -I../../sharelibs/include/ -L../../pbc conftest.c -lm   >&5
conftest.c:30:6: warning: conflicting types for built-in function 'pow' [-Wbuiltin-declaration-mismatch]
 char pow ();
      ^~~
configure:11375: $? = 0
configure:11384: result: yes
configure:11403: checking for __gmpz_init in -lgmp
configure:11428: gcc -o conftest  -I../../sharelibs/include/ -L../../pbc conftest.c -lgmp  -lm  >&5
configure:11428: $? = 0
configure:11437: result: yes
configure:11456: checking for pairing_init_set_buf in -lpbc
configure:11481: gcc -o conftest  -I../../sharelibs/include/ -L../../pbc conftest.c -lpbc  -lgmp -lm  >&5
configure:11481: $? = 0
configure:11490: result: yes
configure:11509: checking pbc/pbc.h usability
configure:11509: gcc -c  -I../../sharelibs/include/ conftest.c >&5
configure:11509: $? = 0
configure:11509: result: yes
configure:11509: checking pbc/pbc.h presence
configure:11509: gcc -E -I../../sharelibs/include/ conftest.c
configure:11509: $? = 0
configure:11509: result: yes
configure:11509: checking for pbc/pbc.h
configure:11509: result: yes
configure:11529: checking for working alloca.h
configure:11546: gcc -o conftest  -I../../sharelibs/include/ -L../../pbc conftest.c  >&5
configure:11546: $? = 0
configure:11554: result: yes
configure:11562: checking for alloca
configure:11599: gcc -o conftest  -I../../sharelibs/include/ -L../../pbc conftest.c  >&5
configure:11599: $? = 0
configure:11607: result: yes
configure:11717: checking for ANSI C header files
configure:11821: result: yes
configure:11832: checking for stdlib.h
configure:11832: result: yes
configure:11832: checking for string.h
configure:11832: result: yes
configure:11832: checking sys/time.h usability
configure:11832: gcc -c  -I../../sharelibs/include/ conftest.c >&5
configure:11832: $? = 0
configure:11832: result: yes
configure:11832: checking sys/time.h presence
configure:11832: gcc -E -I../../sharelibs/include/ conftest.c
configure:11832: $? = 0
configure:11832: result: yes
configure:11832: checking for sys/time.h
configure:11832: result: yes
configure:11845: checking for an ANSI C-conforming const
configure:11910: gcc -c  -I../../sharelibs/include/ conftest.c >&5
configure:11910: $? = 0
configure:11917: result: yes
configure:11925: checking for inline
configure:11941: gcc -c  -I../../sharelibs/include/ conftest.c >&5
configure:11941: $? = 0
configure:11949: result: inline
configure:11967: checking for size_t
configure:11967: gcc -c  -I../../sharelibs/include/ conftest.c >&5
configure:11967: $? = 0
configure:11967: gcc -c  -I../../sharelibs/include/ conftest.c >&5
conftest.c: In function 'main':
conftest.c:68:21: error: expected expression before ')' token
 if (sizeof ((size_t)))
                     ^
configure:11967: $? = 1
configure: failed program was:
| /* confdefs.h */
| #define PACKAGE_NAME "pbc_sig"
| #define PACKAGE_TARNAME "pbc_sig"
| #define PACKAGE_VERSION "0.0.8"
| #define PACKAGE_STRING "pbc_sig 0.0.8"
| #define PACKAGE_BUGREPORT "blynn@cs.stanford.edu"
| #define PACKAGE_URL ""
| #define PACKAGE "pbc_sig"
| #define VERSION "0.0.8"
| #define STDC_HEADERS 1
| #define HAVE_SYS_TYPES_H 1
| #define HAVE_SYS_STAT_H 1
| #define HAVE_STDLIB_H 1
| #define HAVE_STRING_H 1
| #define HAVE_MEMORY_H 1
| #define HAVE_STRINGS_H 1
| #define HAVE_INTTYPES_H 1
| #define HAVE_STDINT_H 1
| #define HAVE_UNISTD_H 1
| #define HAVE_DLFCN_H 1
| #define LT_OBJDIR ".libs/"
| #define HAVE_LIBM 1
| #define HAVE_LIBGMP 1
| #define HAVE_LIBPBC 1
| #define HAVE_ALLOCA_H 1
| #define HAVE_ALLOCA 1
| #define STDC_HEADERS 1
| #define HAVE_STDLIB_H 1
| #define HAVE_STRING_H 1
| #define HAVE_SYS_TIME_H 1
| /* end confdefs.h.  */
| #include <stdio.h>
| #ifdef HAVE_SYS_TYPES_H
| # include <sys/types.h>
| #endif
| #ifdef HAVE_SYS_STAT_H
| # include <sys/stat.h>
| #endif
| #ifdef STDC_HEADERS
| # include <stdlib.h>
| # include <stddef.h>
| #else
| # ifdef HAVE_STDLIB_H
| #  include <stdlib.h>
| # endif
| #endif
| #ifdef HAVE_STRING_H
| # if !defined STDC_HEADERS && defined HAVE_MEMORY_H
| #  include <memory.h>
| # endif
| # include <string.h>
| #endif
| #ifdef HAVE_STRINGS_H
| # include <strings.h>
| #endif
| #ifdef HAVE_INTTYPES_H
| # include <inttypes.h>
| #endif
| #ifdef HAVE_STDINT_H
| # include <stdint.h>
| #endif
| #ifdef HAVE_UNISTD_H
| # include <unistd.h>
| #endif
| int
| main ()
| {
| if (sizeof ((size_t)))
| 	    return 0;
|   ;
|   return 0;
| }
configure:11967: result: yes
configure:11978: checking whether time.h and sys/time.h may both be included
configure:11998: gcc -c  -I../../sharelibs/include/ conftest.c >&5
configure:11998: $? = 0
configure:12005: result: yes
configure:12034: checking for stdlib.h
configure:12034: result: yes
configure:12044: checking for GNU libc compatible malloc
configure:12068: gcc -o conftest  -Wall -W -Wfloat-equal -Wpointer-arith -Wcast-align -Wstrict-prototypes -Wredundant-decls -Wendif-labels -Wshadow -pipe -ffast-math -U__STRICT_ANSI__ -std=c99 -fomit-frame-pointer -O3 -fomit-frame-pointer -O3 -I../../sharelibs/include/ -L../../pbc conftest.c  >&5
conftest.c:41:1: warning: function declaration isn't a prototype [-Wstrict-prototypes]
 main ()
 ^~~~
configure:12068: $? = 0
configure:12068: ./conftest
configure:12068: $? = 0
configure:12078: result: yes
configure:12101: checking for stdlib.h
configure:12101: result: yes
configure:12111: checking for GNU libc compatible realloc
configure:12135: gcc -o conftest  -Wall -W -Wfloat-equal -Wpointer-arith -Wcast-align -Wstrict-prototypes -Wredundant-decls -Wendif-labels -Wshadow -pipe -ffast-math -U__STRICT_ANSI__ -std=c99 -fomit-frame-pointer -O3 -fomit-frame-pointer -O3 -I../../sharelibs/include/ -L../../pbc conftest.c  >&5
conftest.c:43:1: warning: function declaration isn't a prototype [-Wstrict-prototypes]
 main ()
 ^~~~
configure:12135: $? = 0
configure:12135: ./conftest
configure:12135: $? = 0
configure:12145: result: yes
configure:12169: checking for floor
configure:12169: gcc -o conftest  -Wall -W -Wfloat-equal -Wpointer-arith -Wcast-align -Wstrict-prototypes -Wredundant-decls -Wendif-labels -Wshadow -pipe -ffast-math -U__STRICT_ANSI__ -std=c99 -fomit-frame-pointer -O3 -fomit-frame-pointer -O3 -I../../sharelibs/include/ -L../../pbc conftest.c  >&5
conftest.c:60:1: warning: function declaration isn't a prototype [-Wstrict-prototypes]
 char floor ();
 ^~~~
conftest.c:60:6: warning: conflicting types for built-in function 'floor' [-Wbuiltin-declaration-mismatch]
 char floor ();
      ^~~~~
conftest.c:69:1: warning: function declaration isn't a prototype [-Wstrict-prototypes]
 main ()
 ^~~~
/tmp/ccRqD5za.o: In function `main':
conftest.c:(.text.startup+0x2): undefined reference to `floor'
collect2: error: ld returned 1 exit status
configure:12169: $? = 1
configure: failed program was:
| /* confdefs.h */
| #define PACKAGE_NAME "pbc_sig"
| #define PACKAGE_TARNAME "pbc_sig"
| #define PACKAGE_VERSION "0.0.8"
| #define PACKAGE_STRING "pbc_sig 0.0.8"
| #define PACKAGE_BUGREPORT "blynn@cs.stanford.edu"
| #define PACKAGE_URL ""
| #define PACKAGE "pbc_sig"
| #define VERSION "0.0.8"
| #define STDC_HEADERS 1
| #define HAVE_SYS_TYPES_H 1
| #define HAVE_SYS_STAT_H 1
| #define HAVE_STDLIB_H 1
| #define HAVE_STRING_H 1
| #define HAVE_MEMORY_H 1
| #define HAVE_STRINGS_H 1
| #define HAVE_INTTYPES_H 1
| #define HAVE_STDINT_H 1
| #define HAVE_UNISTD_H 1
| #define HAVE_DLFCN_H 1
| #define LT_OBJDIR ".libs/"
| #define HAVE_LIBM 1
| #define HAVE_LIBGMP 1
| #define HAVE_LIBPBC 1
| #define HAVE_ALLOCA_H 1
| #define HAVE_ALLOCA 1
| #define STDC_HEADERS 1
| #define HAVE_STDLIB_H 1
| #define HAVE_STRING_H 1
| #define HAVE_SYS_TIME_H 1
| #define TIME_WITH_SYS_TIME 1
| #define HAVE_STDLIB_H 1
| #define HAVE_MALLOC 1
| #define HAVE_STDLIB_H 1
| #define HAVE_REALLOC 1
| /* end confdefs.h.  */
| /* Define floor to an innocuous variant, in case <limits.h> declares floor.
|    For example, HP-UX 11i <limits.h> declares gettimeofday.  */
| #define floor innocuous_floor
| 
| /* System header to define __stub macros and hopefully few prototypes,
|     which can conflict with char floor (); below.
|     Prefer <limits.h> to <assert.h> if __STDC__ is defined, since
|     <limits.h> exists even on freestanding compilers.  */
| 
| #ifdef __STDC__
| # include <limits.h>
| #else
| # include <assert.h>
| #endif
| 
| #undef floor
| 
| /* Override any GCC internal prototype to avoid an error.
|    Use char because int might match the return type of a GCC
|    builtin and then its argument prototype would still apply.  */
| #ifdef __cplusplus
| extern "C"
| #endif
| char floor ();
| /* The GNU C library defines this for functions which it implements
|     to always fail with ENOSYS.  Some functions are actually named
|     something starting with __ and the normal name is an alias.  */
| #if defined __stub_floor || defined __stub___floor
| choke me
| #endif
| 
| int
| main ()
| {
| return floor ();
|   ;
|   return 0;
| }
configure:12169: result: no
configure:12169: checking for gettimeofday
configure:12169: gcc -o conftest  -Wall -W -Wfloat-equal -Wpointer-arith -Wcast-align -Wstrict-prototypes -Wredundant-decls -Wendif-labels -Wshadow -pipe -ffast-math -U__STRICT_ANSI__ -std=c99 -fomit-frame-pointer -O3 -fomit-frame-pointer -O3 -I../../sharelibs/include/ -L../../pbc conftest.c  >&5
conftest.c:60:1: warning: function declaration isn't a prototype [-Wstrict-prototypes]
 char gettimeofday ();
 ^~~~
conftest.c:69:1: warning: function declaration isn't a prototype [-Wstrict-prototypes]
 main ()
 ^~~~
configure:12169: $? = 0
configure:12169: result: yes
configure:12169: checking for memmove
configure:12169: gcc -o conftest  -Wall -W -Wfloat-equal -Wpointer-arith -Wcast-align -Wstrict-prototypes -Wredundant-decls -Wendif-labels -Wshadow -pipe -ffast-math -U__STRICT_ANSI__ -std=c99 -fomit-frame-pointer -O3 -fomit-frame-pointer -O3 -I../../sharelibs/include/ -L../../pbc conftest.c  >&5
conftest.c:61:1: warning: function declaration isn't a prototype [-Wstrict-prototypes]
 char memmove ();
 ^~~~
conftest.c:61:6: warning: conflicting types for built-in function 'memmove' [-Wbuiltin-declaration-mismatch]
 char memmove ();
      ^~~~~~~
conftest.c:70:1: warning: function declaration isn't a prototype [-Wstrict-prototypes]
 main ()
 ^~~~
configure:12169: $? = 0
configure:12169: result: yes
configure:12169: checking for memset
configure:12169: gcc -o conftest  -Wall -W -Wfloat-equal -Wpointer-arith -Wcast-align -Wstrict-prototypes -Wredundant-decls -Wendif-labels -Wshadow -pipe -ffast-math -U__STRICT_ANSI__ -std=c99 -fomit-frame-pointer -O3 -fomit-frame-pointer -O3 -I../../sharelibs/include/ -L../../pbc conftest.c  >&5
conftest.c:62:1: warning: function declaration isn't a prototype [-Wstrict-prototypes]
 char memset ();
 ^~~~
conftest.c:62:6: warning: conflicting types for built-in function 'memset' [-Wbuiltin-declaration-mismatch]
 char memset ();
      ^~~~~~
conftest.c:71:1: warning: function declaration isn't a prototype [-Wstrict-prototypes]
 main ()
 ^~~~
configure:12169: $? = 0
configure:12169: result: yes
configure:12169: checking for pow
configure:12169: gcc -o conftest  -Wall -W -Wfloat-equal -Wpointer-arith -Wcast-align -Wstrict-prototypes -Wredundant-decls -Wendif-labels -Wshadow -pipe -ffast-math -U__STRICT_ANSI__ -std=c99 -fomit-frame-pointer -O3 -fomit-frame-pointer -O3 -I../../sharelibs/include/ -L../../pbc conftest.c  >&5
conftest.c:63:1: warning: function declaration isn't a prototype [-Wstrict-prototypes]
 char pow ();
 ^~~~
conftest.c:63:6: warning: conflicting types for built-in function 'pow' [-Wbuiltin-declaration-mismatch]
 char pow ();
      ^~~
conftest.c:72:1: warning: function declaration isn't a prototype [-Wstrict-prototypes]
 main ()
 ^~~~
/tmp/ccP9lKaO.o: In function `main':
conftest.c:(.text.startup+0x2): undefined reference to `pow'
collect2: error: ld returned 1 exit status
configure:12169: $? = 1
configure: failed program was:
| /* confdefs.h */
| #define PACKAGE_NAME "pbc_sig"
| #define PACKAGE_TARNAME "pbc_sig"
| #define PACKAGE_VERSION "0.0.8"
| #define PACKAGE_STRING "pbc_sig 0.0.8"
| #define PACKAGE_BUGREPORT "blynn@cs.stanford.edu"
| #define PACKAGE_URL ""
| #define PACKAGE "pbc_sig"
| #define VERSION "0.0.8"
| #define STDC_HEADERS 1
| #define HAVE_SYS_TYPES_H 1
| #define HAVE_SYS_STAT_H 1
| #define HAVE_STDLIB_H 1
| #define HAVE_STRING_H 1
| #define HAVE_MEMORY_H 1
| #define HAVE_STRINGS_H 1
| #define HAVE_INTTYPES_H 1
| #define HAVE_STDINT_H 1
| #define HAVE_UNISTD_H 1
| #define HAVE_DLFCN_H 1
| #define LT_OBJDIR ".libs/"
| #define HAVE_LIBM 1
| #define HAVE_LIBGMP 1
| #define HAVE_LIBPBC 1
| #define HAVE_ALLOCA_H 1
| #define HAVE_ALLOCA 1
| #define STDC_HEADERS 1
| #define HAVE_STDLIB_H 1
| #define HAVE_STRING_H 1
| #define HAVE_SYS_TIME_H 1
| #define TIME_WITH_SYS_TIME 1
| #define HAVE_STDLIB_H 1
| #define HAVE_MALLOC 1
| #define HAVE_STDLIB_H 1
| #define HAVE_REALLOC 1
| #define HAVE_GETTIMEOFDAY 1
| #define HAVE_MEMMOVE 1
| #define HAVE_MEMSET 1
| /* end confdefs.h.  */
| /* Define pow to an innocuous variant, in case <limits.h> declares pow.
|    For example, HP-UX 11i <limits.h> declares gettimeofday.  */
| #define pow innocuous_pow
| 
| /* System header to define __stub macros and hopefully few prototypes,
|     which can conflict with char pow (); below.
|     Prefer <limits.h> to <assert.h> if __STDC__ is defined, since
|     <limits.h> exists even on freestanding compilers.  */
| 
| #ifdef __STDC__
| # include <limits.h>
| #else
| # include <assert.h>
| #endif
| 
| #undef pow
| 
| /* Override any GCC internal prototype to avoid an error.
|    Use char because int might match the return type of a GCC
|    builtin and then its argument prototype would still apply.  */
| #ifdef __cplusplus
| extern "C"
| #endif
| char pow ();
| /* The GNU C library defines this for functions which it implements
|     to always fail with ENOSYS.  Some functions are actually named
|     something starting with __ and the normal name is an alias.  */
| #if defined __stub_pow || defined __stub___pow
| choke me
| #endif
| 
| int
| main ()
| {
| return pow ();
|   ;
|   return 0;
| }
configure:12169: result: no
configure:12169: checking for sqrt
configure:12169: gcc -o conftest  -Wall -W -Wfloat-equal -Wpointer-arith -Wcast-align -Wstrict-prototypes -Wredundant-decls -Wendif-labels -Wshadow -pipe -ffast-math -U__STRICT_ANSI__ -std=c99 -fomit-frame-pointer -O3 -fomit-frame-pointer -O3 -I../../sharelibs/include/ -L../../pbc conftest.c  >&5
conftest.c:63:1: warning: function declaration isn't a prototype [-Wstrict-prototypes]
 char sqrt ();
 ^~~~
conftest.c:63:6: warning: conflicting types for built-in function 'sqrt' [-Wbuiltin-declaration-mismatch]
 char sqrt ();
      ^~~~
conftest.c:72:1: warning: function declaration isn't a prototype [-Wstrict-prototypes]
 main ()
 ^~~~
/tmp/ccRnYCZ0.o: In function `main':
conftest.c:(.text.startup+0x2): undefined reference to `sqrt'
collect2: error: ld returned 1 exit status
configure:12169: $? = 1
configure: failed program was:
| /* confdefs.h */
| #define PACKAGE_NAME "pbc_sig"
| #define PACKAGE_TARNAME "pbc_sig"
| #define PACKAGE_VERSION "0.0.8"
| #define PACKAGE_STRING "pbc_sig 0.0.8"
| #define PACKAGE_BUGREPORT "blynn@cs.stanford.edu"
| #define PACKAGE_URL ""
| #define PACKAGE "pbc_sig"
| #define VERSION "0.0.8"
| #define STDC_HEADERS 1
| #define HAVE_SYS_TYPES_H 1
| #define HAVE_SYS_STAT_H 1
| #define HAVE_STDLIB_H 1
| #define HAVE_STRING_H 1
| #define HAVE_MEMORY_H 1
| #define HAVE_STRINGS_H 1
| #define HAVE_INTTYPES_H 1
| #define HAVE_STDINT_H 1
| #define HAVE_UNISTD_H 1
| #define HAVE_DLFCN_H 1
| #define LT_OBJDIR ".libs/"
| #define HAVE_LIBM 1
| #define HAVE_LIBGMP 1
| #define HAVE_LIBPBC 1
| #define HAVE_ALLOCA_H 1
| #define HAVE_ALLOCA 1
| #define STDC_HEADERS 1
| #define HAVE_STDLIB_H 1
| #define HAVE_STRING_H 1
| #define HAVE_SYS_TIME_H 1
| #define TIME_WITH_SYS_TIME 1
| #define HAVE_STDLIB_H 1
| #define HAVE_MALLOC 1
| #define HAVE_STDLIB_H 1
| #define HAVE_REALLOC 1
| #define HAVE_GETTIMEOFDAY 1
| #define HAVE_MEMMOVE 1
| #define HAVE_MEMSET 1
| /* end confdefs.h.  */
| /* Define sqrt to an innocuous variant, in case <limits.h> declares sqrt.
|    For example, HP-UX 11i <limits.h> declares gettimeofday.  */
| #define sqrt innocuous_sqrt
| 
| /* System header to define __stub macros and hopefully few prototypes,
|     which can conflict with char sqrt (); below.
|     Prefer <limits.h> to <assert.h> if __STDC__ is defined, since
|     <limits.h> exists even on freestanding compilers.  */
| 
| #ifdef __STDC__
| # include <limits.h>
| #else
| # include <assert.h>
| #endif
| 
| #undef sqrt
| 
| /* Override any GCC internal prototype to avoid an error.
|    Use char because int might match the return type of a GCC
|    builtin and then its argument prototype would still apply.  */
| #ifdef __cplusplus
| extern "C"
| #endif
| char sqrt ();
| /* The GNU C library defines this for functions which it implements
|     to always fail with ENOSYS.  Some functions are actually named
|     something starting with __ and the normal name is an alias.  */
| #if defined __stub_sqrt || defined __stub___sqrt
| choke me
| #endif
| 
| int
| main ()
| {
| return sqrt ();
|   ;
|   return 0;
| }
configure:12169: result: no
configure:12169: checking for strchr
configure:12169: gcc -o conftest  -Wall -W -Wfloat-equal -Wpointer-arith -Wcast-align -Wstrict-prototypes -Wredundant-decls -Wendif-labels -Wshadow -pipe -ffast-math -U__STRICT_ANSI__ -std=c99 -fomit-frame-pointer -O3 -fomit-frame-pointer -O3 -I../../sharelibs/include/ -L../../pbc conftest.c  >&5
conftest.c:63:1: warning: function declaration isn't a prototype [-Wstrict-prototypes]
 char strchr ();
 ^~~~
conftest.c:63:6: warning: conflicting types for built-in function 'strchr' [-Wbuiltin-declaration-mismatch]
 char strchr ();
      ^~~~~~
conftest.c:72:1: warning: function declaration isn't a prototype [-Wstrict-prototypes]
 main ()
 ^~~~
configure:12169: $? = 0
configure:12169: result: yes
configure:12169: checking for strdup
configure:12169: gcc -o conftest  -Wall -W -Wfloat-equal -Wpointer-arith -Wcast-align -Wstrict-prototypes -Wredundant-decls -Wendif-labels -Wshadow -pipe -ffast-math -U__STRICT_ANSI__ -std=c99 -fomit-frame-pointer -O3 -fomit-frame-pointer -O3 -I../../sharelibs/include/ -L../../pbc conftest.c  >&5
conftest.c:64:1: warning: function declaration isn't a prototype [-Wstrict-prototypes]
 char strdup ();
 ^~~~
conftest.c:73:1: warning: function declaration isn't a prototype [-Wstrict-prototypes]
 main ()
 ^~~~
configure:12169: $? = 0
configure:12169: result: yes
configure:12304: creating ./config.status

## ---------------------- ##
## Running config.status. ##
## ---------------------- ##

This file was extended by pbc_sig config.status 0.0.8, which was
generated by GNU Autoconf 2.65.  Invocation command line was

  CONFIG_FILES    = 
  CONFIG_HEADERS  = 
  CONFIG_LINKS    = 
  CONFIG_COMMANDS = 
  $ ./config.status 

on 090dd2ce5f62

config.status:1083: creating Makefile
config.status:1083: creating config.h
config.status:1303: executing depfiles commands
config.status:1303: executing libtool commands

## ---------------- ##
## Cache variables. ##
## ---------------- ##

ac_cv_build=armv7l-unknown-linux-gnueabi
ac_cv_c_compiler_gnu=yes
ac_cv_c_const=yes
ac_cv_c_inline=inline
ac_cv_env_CC_set=
ac_cv_env_CC_value=
ac_cv_env_CFLAGS_set=
ac_cv_env_CFLAGS_value=
ac_cv_env_CPPFLAGS_set=set
ac_cv_env_CPPFLAGS_value=-I../../sharelibs/include/
ac_cv_env_CPP_set=
ac_cv_env_CPP_value=
ac_cv_env_LDFLAGS_set=set
ac_cv_env_LDFLAGS_value=-L../../pbc
ac_cv_env_LIBS_set=
ac_cv_env_LIBS_value=
ac_cv_env_build_alias_set=
ac_cv_env_build_alias_value=
ac_cv_env_host_alias_set=
ac_cv_env_host_alias_value=
ac_cv_env_target_alias_set=
ac_cv_env_target_alias_value=
ac_cv_func_alloca_works=yes
ac_cv_func_floor=no
ac_cv_func_gettimeofday=yes
ac_cv_func_malloc_0_nonnull=yes
ac_cv_func_memmove=yes
ac_cv_func_memset=yes
ac_cv_func_pow=no
ac_cv_func_realloc_0_nonnull=yes
ac_cv_func_sqrt=no
ac_cv_func_strchr=yes
ac_cv_func_strdup=yes
ac_cv_header_dlfcn_h=yes
ac_cv_header_inttypes_h=yes
ac_cv_header_memory_h=yes
ac_cv_header_pbc_pbc_h=yes
ac_cv_header_stdc=yes
ac_cv_header_stdint_h=yes
ac_cv_header_stdlib_h=yes
ac_cv_header_string_h=yes
ac_cv_header_strings_h=yes
ac_cv_header_sys_stat_h=yes
ac_cv_header_sys_time_h=yes
ac_cv_header_sys_types_h=yes
ac_cv_header_time=yes
ac_cv_header_unistd_h=yes
ac_cv_host=armv7l-unknown-linux-gnueabi
ac_cv_lib_gmp___gmpz_init=yes
ac_cv_lib_m_pow=yes
ac_cv_lib_pbc_pairing_init_set_buf=yes
ac_cv_objext=o
ac_cv_path_EGREP='/bin/grep -E'
ac_cv_path_FGREP='/bin/grep -F'
ac_cv_path_GREP=/bin/grep
ac_cv_path_SED=/bin/sed
ac_cv_path_install='/usr/bin/install -c'
ac_cv_path_mkdir=/bin/mkdir
ac_cv_prog_AWK=mawk
ac_cv_prog_CPP='gcc -E'
ac_cv_prog_ac_ct_AR=ar
ac_cv_prog_ac_ct_CC=gcc
ac_cv_prog_ac_ct_OBJDUMP=objdump
ac_cv_prog_ac_ct_RANLIB=ranlib
ac_cv_prog_ac_ct_STRIP=strip
ac_cv_prog_cc_c89=
ac_cv_prog_cc_g=yes
ac_cv_prog_make_make_set=yes
ac_cv_type_size_t=yes
ac_cv_working_alloca_h=yes
am_cv_CC_dependencies_compiler_type=gcc3
lt_cv_deplibs_check_method=pass_all
lt_cv_file_magic_cmd='$MAGIC_CMD'
lt_cv_file_magic_test_file=
lt_cv_ld_reload_flag=-r
lt_cv_nm_interface='BSD nm'
lt_cv_objdir=.libs
lt_cv_path_LD=/usr/bin/ld
lt_cv_path_NM='/usr/bin/nm -B'
lt_cv_prog_compiler_c_o=yes
lt_cv_prog_compiler_pic_works=yes
lt_cv_prog_compiler_rtti_exceptions=no
lt_cv_prog_compiler_static_works=yes
lt_cv_prog_gnu_ld=yes
lt_cv_sys_global_symbol_pipe='sed -n -e '\''s/^.*[	 ]\([ABCDGIRSTW][ABCDGIRSTW]*\)[	 ][	 ]*\([_A-Za-z][_A-Za-z0-9]*\)$/\1 \2 \2/p'\'''
lt_cv_sys_global_symbol_to_c_name_address='sed -n -e '\''s/^: \([^ ]*\) $/  {\"\1\", (void *) 0},/p'\'' -e '\''s/^[ABCDGIRSTW]* \([^ ]*\) \([^ ]*\)$/  {"\2", (void *) \&\2},/p'\'''
lt_cv_sys_global_symbol_to_c_name_address_lib_prefix='sed -n -e '\''s/^: \([^ ]*\) $/  {\"\1\", (void *) 0},/p'\'' -e '\''s/^[ABCDGIRSTW]* \([^ ]*\) \(lib[^ ]*\)$/  {"\2", (void *) \&\2},/p'\'' -e '\''s/^[ABCDGIRSTW]* \([^ ]*\) \([^ ]*\)$/  {"lib\2", (void *) \&\2},/p'\'''
lt_cv_sys_global_symbol_to_cdecl='sed -n -e '\''s/^T .* \(.*\)$/extern int \1();/p'\'' -e '\''s/^[ABCDGIRSTW]* .* \(.*\)$/extern char \1;/p'\'''
lt_cv_sys_max_cmd_len=1572864

## ----------------- ##
## Output variables. ##
## ----------------- ##

ACLOCAL='${SHELL} /sbox/CLibSourceCode/pbc_sig/pbc_sig-0.0.8/missing --run aclocal-1.11'
ALLOCA=''
AMDEPBACKSLASH='\'
AMDEP_FALSE='#'
AMDEP_TRUE=''
AMTAR='${SHELL} /sbox/CLibSourceCode/pbc_sig/pbc_sig-0.0.8/missing --run tar'
AR='ar'
AUTOCONF='${SHELL} /sbox/CLibSourceCode/pbc_sig/pbc_sig-0.0.8/missing --run autoconf'
AUTOHEADER='${SHELL} /sbox/CLibSourceCode/pbc_sig/pbc_sig-0.0.8/missing --run autoheader'
AUTOMAKE='${SHELL} /sbox/CLibSourceCode/pbc_sig/pbc_sig-0.0.8/missing --run automake-1.11'
AWK='mawk'
CC='gcc'
CCDEPMODE='depmode=gcc3'
CFLAGS=' -Wall -W -Wfloat-equal -Wpointer-arith -Wcast-align -Wstrict-prototypes -Wredundant-decls -Wendif-labels -Wshadow -pipe -ffast-math -U__STRICT_ANSI__ -std=c99 -fomit-frame-pointer -O3 -fomit-frame-pointer -O3'
CPP='gcc -E'
CPPFLAGS='-I../../sharelibs/include/'
CYGPATH_W='echo'
DEFS='-DHAVE_CONFIG_H'
DEPDIR='.deps'
DSYMUTIL=''
DUMPBIN=''
ECHO_C=''
ECHO_N='-n'
ECHO_T=''
EGREP='/bin/grep -E'
EXEEXT=''
FGREP='/bin/grep -F'
GREP='/bin/grep'
INSTALL_DATA='${INSTALL} -m 644'
INSTALL_PROGRAM='${INSTALL}'
INSTALL_SCRIPT='${INSTALL}'
INSTALL_STRIP_PROGRAM='$(install_sh) -c -s'
LD='/usr/bin/ld'
LDFLAGS='-L../../pbc'
LIBOBJS=''
LIBS=''
LIBTOOL='$(SHELL) $(top_builddir)/libtool'
LIPO=''
LN_S='ln -s'
LTLIBOBJS=''
MAKEINFO='${SHELL} /sbox/CLibSourceCode/pbc_sig/pbc_sig-0.0.8/missing --run makeinfo'
MKDIR_P='/bin/mkdir -p'
NM='/usr/bin/nm -B'
NMEDIT=''
OBJDUMP='objdump'
OBJEXT='o'
OTOOL64=''
OTOOL=''
PACKAGE='pbc_sig'
PACKAGE_BUGREPORT='blynn@cs.stanford.edu'
PACKAGE_NAME='pbc_sig'
PACKAGE_STRING='pbc_sig 0.0.8'
PACKAGE_TARNAME='pbc_sig'
PACKAGE_URL=''
PACKAGE_VERSION='0.0.8'
PATH_SEPARATOR=':'
RANLIB='ranlib'
SED='/bin/sed'
SET_MAKE=''
SHELL='/bin/bash'
STRIP='strip'
VERSION='0.0.8'
ac_ct_CC='gcc'
ac_ct_DUMPBIN=''
am__EXEEXT_FALSE=''
am__EXEEXT_TRUE='#'
am__fastdepCC_FALSE='#'
am__fastdepCC_TRUE=''
am__include='include'
am__isrc=''
am__leading_dot='.'
am__quote=''
am__tar='${AMTAR} chof - "$$tardir"'
am__untar='${AMTAR} xf -'
bindir='${exec_prefix}/bin'
build='armv7l-unknown-linux-gnueabi'
build_alias=''
build_cpu='armv7l'
build_os='linux-gnueabi'
build_vendor='unknown'
datadir='${datarootdir}'
datarootdir='${prefix}/share'
docdir='${datarootdir}/doc/${PACKAGE_TARNAME}'
dvidir='${docdir}'
exec_prefix='${prefix}'
host='armv7l-unknown-linux-gnueabi'
host_alias=''
host_cpu='armv7l'
host_os='linux-gnueabi'
host_vendor='unknown'
htmldir='${docdir}'
includedir='${prefix}/include'
infodir='${datarootdir}/info'
install_sh='${SHELL} /sbox/CLibSourceCode/pbc_sig/pbc_sig-0.0.8/install-sh'
libdir='${exec_prefix}/lib'
libexecdir='${exec_prefix}/libexec'
localedir='${datarootdir}/locale'
localstatedir='${prefix}/var'
lt_ECHO='echo'
mandir='${datarootdir}/man'
mkdir_p='/bin/mkdir -p'
oldincludedir='/usr/include'
pdfdir='${docdir}'
prefix='/usr/local'
program_transform_name='s,x,x,'
psdir='${docdir}'
sbindir='${exec_prefix}/sbin'
sharedstatedir='${prefix}/com'
sysconfdir='${prefix}/etc'
target_alias=''

## ----------- ##
## confdefs.h. ##
## ----------- ##

/* confdefs.h */
#define PACKAGE_NAME "pbc_sig"
#define PACKAGE_TARNAME "pbc_sig"
#define PACKAGE_VERSION "0.0.8"
#define PACKAGE_STRING "pbc_sig 0.0.8"
#define PACKAGE_BUGREPORT "blynn@cs.stanford.edu"
#define PACKAGE_URL ""
#define PACKAGE "pbc_sig"
#define VERSION "0.0.8"
#define STDC_HEADERS 1
#define HAVE_SYS_TYPES_H 1
#define HAVE_SYS_STAT_H 1
#define HAVE_STDLIB_H 1
#define HAVE_STRING_H 1
#define HAVE_MEMORY_H 1
#define HAVE_STRINGS_H 1
#define HAVE_INTTYPES_H 1
#define HAVE_STDINT_H 1
#define HAVE_UNISTD_H 1
#define HAVE_DLFCN_H 1
#define LT_OBJDIR ".libs/"
#define HAVE_LIBM 1
#define HAVE_LIBGMP 1
#define HAVE_LIBPBC 1
#define HAVE_ALLOCA_H 1
#define HAVE_ALLOCA 1
#define STDC_HEADERS 1
#define HAVE_STDLIB_H 1
#define HAVE_STRING_H 1
#define HAVE_SYS_TIME_H 1
#define TIME_WITH_SYS_TIME 1
#define HAVE_STDLIB_H 1
#define HAVE_MALLOC 1
#define HAVE_STDLIB_H 1
#define HAVE_REALLOC 1
#define HAVE_GETTIMEOFDAY 1
#define HAVE_MEMMOVE 1
#define HAVE_MEMSET 1
#define HAVE_STRCHR 1
#define HAVE_STRDUP 1

configure: exit 0
